<?xml version="1.0" encoding="UTF-8"?>
<!-- Generated by org.testng.reporters.JUnitXMLReporter -->
<testsuite ignored="0" hostname="DESKTOP-63TRQ0M" failures="0" tests="4" name="Default test" time="46.169" errors="0" timestamp="2025-08-18T14:44:42 IST">
  <testcase classname="_S_05_26_1_Get_Excel_Data_Using_JXL_LAO._03_Two_Dimenstional_Array_Using_in_WebSite" name="Login" time="36.006"/>
  <testcase classname="_S_05_26_1_Get_Excel_Data_Using_JXL_LAO._03_Two_Dimenstional_Array_Using_in_WebSite" name="Login" time="4.741"/>
  <testcase classname="_S_05_26_1_Get_Excel_Data_Using_JXL_LAO._03_Two_Dimenstional_Array_Using_in_WebSite" name="Login" time="2.561"/>
  <testcase classname="_S_05_26_1_Get_Excel_Data_Using_JXL_LAO._03_Two_Dimenstional_Array_Using_in_WebSite" name="Login" time="2.749"/>
</testsuite> <!-- Default test -->
