<?xml version="1.0" encoding="UTF-8"?>
<!-- Generated by org.testng.reporters.JUnitXMLReporter -->
<testsuite ignored="0" hostname="DESKTOP-63TRQ0M" failures="0" tests="4" name="Default test" time="16.637" errors="0" timestamp="2025-07-02T18:06:33 IST">
  <testcase classname="_S_05_29_DataDriven_JXL_TestNG_EXCEL.Google_Search_From_Excel3" name="SearchGoogle" time="4.078"/>
  <testcase classname="_S_05_29_DataDriven_JXL_TestNG_EXCEL.Google_Search_From_Excel3" name="SearchGoogle" time="3.832"/>
  <testcase classname="_S_05_29_DataDriven_JXL_TestNG_EXCEL.Google_Search_From_Excel3" name="SearchGoogle" time="4.023"/>
  <testcase classname="_S_05_29_DataDriven_JXL_TestNG_EXCEL.Google_Search_From_Excel3" name="SearchGoogle" time="3.944"/>
</testsuite> <!-- Default test -->
