<?xml version="1.0" encoding="UTF-8"?>
<!-- Generated by org.testng.reporters.JUnitXMLReporter -->
<testsuite ignored="0" hostname="DESKTOP-63TRQ0M" failures="0" tests="18" name="TestNG_01 Case" time="20.648" errors="0" timestamp="2025-05-21T10:58:32 IST">
  <testcase classname="TestNG_01._01_TestNG" name="Fifth_Test_Case" time="0.006"/>
  <testcase classname="TestNG_01._01_TestNG" name="First_Test_Case" time="0.001"/>
  <testcase classname="TestNG_01._01_TestNG" name="Fourth_Test_Case" time="0.0"/>
  <testcase classname="TestNG_01._01_TestNG" name="Second_Test_Case" time="0.001"/>
  <testcase classname="TestNG_01._01_TestNG" name="Third_Test_Case" time="0.001"/>
  <testcase classname="TestNG_01._02_TestNG_Set_priority" name="First_Test_Case" time="0.001"/>
  <testcase classname="TestNG_01._02_TestNG_Set_priority" name="Second_Test_Case" time="0.001"/>
  <testcase classname="TestNG_01._02_TestNG_Set_priority" name="Third_Test_Case" time="0.0"/>
  <testcase classname="TestNG_01._02_TestNG_Set_priority" name="Fourth_Test_Case" time="0.001"/>
  <testcase classname="TestNG_01._02_TestNG_Set_priority" name="Fifth_Test_Case" time="0.002"/>
  <testcase classname="TestNG_01._04_TestNG_Depends_On_Methods_02_true" name="First_Test_Case" time="0.001"/>
  <testcase classname="TestNG_01._04_TestNG_Depends_On_Methods_02_true" name="Second_Test_Case" time="0.001"/>
  <testcase classname="TestNG_01._04_TestNG_Depends_On_Methods_02_true" name="Third_Test_Case" time="0.001"/>
  <testcase classname="TestNG_01._04_TestNG_Depends_On_Methods_02_true" name="Fourth_Test_Case" time="0.0"/>
  <testcase classname="TestNG_01._04_TestNG_Depends_On_Methods_02_true" name="Fifth_Test_Case" time="0.001"/>
  <testcase classname="TestNG_01._05_TestNG_Test_Suite" name="BING" time="1.039"/>
  <testcase classname="TestNG_01._05_TestNG_Test_Suite" name="bbc" time="12.223"/>
  <testcase classname="TestNG_01._05_TestNG_Test_Suite" name="google" time="7.326"/>
</testsuite> <!-- TestNG_01 Case -->
