<?xml version="1.0" encoding="UTF-8"?>
<testng-results ignored="0" total="1" passed="1" failed="0" skipped="0">
  <reporter-output>
  </reporter-output>
  <suite started-at="2025-08-14T12:34:07 IST" name="Default suite" finished-at="2025-08-14T12:34:10 IST" duration-ms="3880">
    <groups>
    </groups>
    <test started-at="2025-08-14T12:34:07 IST" name="Default test" finished-at="2025-08-14T12:34:10 IST" duration-ms="3880">
      <class name="_S_05_02_Headless_Browser.hlb0">
        <test-method signature="googleSearch()[pri:0, instance:_S_05_02_Headless_Browser.hlb0@2f4948e4]" started-at="2025-08-14T12:34:07 IST" name="googleSearch" finished-at="2025-08-14T12:34:10 IST" duration-ms="3852" status="PASS">
          <reporter-output>
          </reporter-output>
        </test-method> <!-- googleSearch -->
      </class> <!-- _S_05_02_Headless_Browser.hlb0 -->
    </test> <!-- Default test -->
  </suite> <!-- Default suite -->
</testng-results>
