<?xml version="1.0" encoding="UTF-8"?>
<testng-results ignored="0" total="4" passed="4" failed="0" skipped="0">
  <reporter-output>
  </reporter-output>
  <suite started-at="2025-07-02T18:06:17 IST" name="Default suite" finished-at="2025-07-02T18:06:33 IST" duration-ms="16637">
    <groups>
    </groups>
    <test started-at="2025-07-02T18:06:17 IST" name="Default test" finished-at="2025-07-02T18:06:33 IST" duration-ms="16637">
      <class name="_S_05_29_DataDriven_JXL_TestNG_EXCEL.Google_Search_From_Excel3">
        <test-method signature="SearchGoogle(java.lang.String)[pri:0, instance:_S_05_29_DataDriven_JXL_TestNG_EXCEL.Google_Search_From_Excel3@1a677343]" started-at="2025-07-02T18:06:18 IST" name="SearchGoogle" data-provider="SearchData" finished-at="2025-07-02T18:06:22 IST" duration-ms="4078" status="PASS">
          <params>
            <param index="0">
              <value>
                <![CDATA[COIMBATORE]]>
              </value>
            </param>
          </params>
          <reporter-output>
          </reporter-output>
        </test-method> <!-- SearchGoogle -->
        <test-method signature="SearchGoogle(java.lang.String)[pri:0, instance:_S_05_29_DataDriven_JXL_TestNG_EXCEL.Google_Search_From_Excel3@1a677343]" started-at="2025-07-02T18:06:22 IST" name="SearchGoogle" data-provider="SearchData" finished-at="2025-07-02T18:06:25 IST" duration-ms="3832" status="PASS">
          <params>
            <param index="0">
              <value>
                <![CDATA[ERODE]]>
              </value>
            </param>
          </params>
          <reporter-output>
          </reporter-output>
        </test-method> <!-- SearchGoogle -->
        <test-method signature="SearchGoogle(java.lang.String)[pri:0, instance:_S_05_29_DataDriven_JXL_TestNG_EXCEL.Google_Search_From_Excel3@1a677343]" started-at="2025-07-02T18:06:25 IST" name="SearchGoogle" data-provider="SearchData" finished-at="2025-07-02T18:06:29 IST" duration-ms="4023" status="PASS">
          <params>
            <param index="0">
              <value>
                <![CDATA[salem]]>
              </value>
            </param>
          </params>
          <reporter-output>
          </reporter-output>
        </test-method> <!-- SearchGoogle -->
        <test-method signature="SearchGoogle(java.lang.String)[pri:0, instance:_S_05_29_DataDriven_JXL_TestNG_EXCEL.Google_Search_From_Excel3@1a677343]" started-at="2025-07-02T18:06:29 IST" name="SearchGoogle" data-provider="SearchData" finished-at="2025-07-02T18:06:33 IST" duration-ms="3944" status="PASS">
          <params>
            <param index="0">
              <value>
                <![CDATA[dindigal]]>
              </value>
            </param>
          </params>
          <reporter-output>
          </reporter-output>
        </test-method> <!-- SearchGoogle -->
      </class> <!-- _S_05_29_DataDriven_JXL_TestNG_EXCEL.Google_Search_From_Excel3 -->
    </test> <!-- Default test -->
  </suite> <!-- Default suite -->
</testng-results>
