<?xml version="1.0" encoding="UTF-8"?>
<!-- Generated by org.testng.reporters.JUnitReportReporter -->
<testsuite hostname="DESKTOP-63TRQ0M" failures="0" tests="3" name="TestNG_01._04_TestNG_Depends_On_Methods_0002" time="0.013" errors="0" timestamp="2025-05-19T12:18:48 IST" skipped="0">
  <testcase classname="TestNG_01._04_TestNG_Depends_On_Methods_0002" name="sslc" time="0.010"/>
  <testcase classname="TestNG_01._04_TestNG_Depends_On_Methods_0002" name="Plus_2" time="0.002"/>
  <testcase classname="TestNG_01._04_TestNG_Depends_On_Methods_0002" name="Engineering" time="0.001"/>
</testsuite> <!-- TestNG_01._04_TestNG_Depends_On_Methods_0002 -->
