<?xml version="1.0" encoding="UTF-8"?>
<!-- Generated by org.testng.reporters.JUnitReportReporter -->
<testsuite hostname="SASIHAR-PC" failures="0" tests="4" name="_S_05_26_a_3_Ways_to_Get_Data._05_Three_Dimenstional_Array_Using_in_WebSite3" time="38.461" errors="0" timestamp="2025-06-21T17:25:48 IST" skipped="0">
  <testcase classname="_S_05_26_a_3_Ways_to_Get_Data._05_Three_Dimenstional_Array_Using_in_WebSite3" name="Login" time="10.406"/>
  <testcase classname="_S_05_26_a_3_Ways_to_Get_Data._05_Three_Dimenstional_Array_Using_in_WebSite3" name="Login" time="9.158"/>
  <testcase classname="_S_05_26_a_3_Ways_to_Get_Data._05_Three_Dimenstional_Array_Using_in_WebSite3" name="Login" time="9.855"/>
  <testcase classname="_S_05_26_a_3_Ways_to_Get_Data._05_Three_Dimenstional_Array_Using_in_WebSite3" name="Login" time="9.042"/>
</testsuite> <!-- _S_05_26_a_3_Ways_to_Get_Data._05_Three_Dimenstional_Array_Using_in_WebSite3 -->
