<?xml version="1.0" encoding="UTF-8"?>
<!-- Generated by org.testng.reporters.JUnitReportReporter -->
<testsuite hostname="DESKTOP-63TRQ0M" failures="0" tests="4" name="_S_05_26_1_Get_Excel_Data_Using_JXL_LAO._03_Two_Dimenstional_Array_Using_in_WebSite" time="9.664" errors="0" timestamp="2025-08-14T11:58:27 IST" skipped="0">
  <testcase classname="_S_05_26_1_Get_Excel_Data_Using_JXL_LAO._03_Two_Dimenstional_Array_Using_in_WebSite" name="Login" time="2.274"/>
  <testcase classname="_S_05_26_1_Get_Excel_Data_Using_JXL_LAO._03_Two_Dimenstional_Array_Using_in_WebSite" name="Login" time="2.860"/>
  <testcase classname="_S_05_26_1_Get_Excel_Data_Using_JXL_LAO._03_Two_Dimenstional_Array_Using_in_WebSite" name="Login" time="2.227"/>
  <testcase classname="_S_05_26_1_Get_Excel_Data_Using_JXL_LAO._03_Two_Dimenstional_Array_Using_in_WebSite" name="Login" time="2.303"/>
</testsuite> <!-- _S_05_26_1_Get_Excel_Data_Using_JXL_LAO._03_Two_Dimenstional_Array_Using_in_WebSite -->
