<?xml version="1.0" encoding="UTF-8"?>
<!-- Generated by org.testng.reporters.JUnitReportReporter -->
<testsuite hostname="DESKTOP-63TRQ0M" failures="0" tests="5" name="_S_05_25_1_TestNG_LAO._02_TestNG_Set_priority" time="0.007" errors="0" timestamp="2025-05-23T15:57:27 IST" skipped="0">
  <testcase classname="_S_05_25_1_TestNG_LAO._02_TestNG_Set_priority" name="First_Test_Case" time="0.001"/>
  <testcase classname="_S_05_25_1_TestNG_LAO._02_TestNG_Set_priority" name="Second_Test_Case" time="0.001"/>
  <testcase classname="_S_05_25_1_TestNG_LAO._02_TestNG_Set_priority" name="Third_Test_Case" time="0.001"/>
  <testcase classname="_S_05_25_1_TestNG_LAO._02_TestNG_Set_priority" name="Fourth_Test_Case" time="0.002"/>
  <testcase classname="_S_05_25_1_TestNG_LAO._02_TestNG_Set_priority" name="Fifth_Test_Case" time="0.002"/>
</testsuite> <!-- _S_05_25_1_TestNG_LAO._02_TestNG_Set_priority -->
