<?xml version="1.0" encoding="UTF-8"?>
<!-- Generated by org.testng.reporters.JUnitReportReporter -->
<testsuite hostname="DESKTOP-63TRQ0M" failures="0" tests="4" name="_S_05_26_0_DataDriven_TestNG_Data_Inside._01_HRM_Login_String" time="33.309" errors="0" timestamp="2025-06-20T12:00:44 IST" skipped="0">
  <testcase classname="_S_05_26_0_DataDriven_TestNG_Data_Inside._01_HRM_Login_String" name="Login" time="10.510"/>
  <testcase classname="_S_05_26_0_DataDriven_TestNG_Data_Inside._01_HRM_Login_String" name="Login" time="6.899"/>
  <testcase classname="_S_05_26_0_DataDriven_TestNG_Data_Inside._01_HRM_Login_String" name="Login" time="8.327"/>
  <testcase classname="_S_05_26_0_DataDriven_TestNG_Data_Inside._01_HRM_Login_String" name="Login" time="7.573"/>
</testsuite> <!-- _S_05_26_0_DataDriven_TestNG_Data_Inside._01_HRM_Login_String -->
