<?xml version="1.0" encoding="UTF-8"?>
<!-- Generated by org.testng.reporters.JUnitReportReporter -->
<testsuite hostname="DESKTOP-63TRQ0M" failures="0" tests="4" name="_S_05_26_1_Get_Excel_Data_Using_JXL_LAO._03_Two_Dimenstional_Array_Using_in_WebSite" time="8.491" errors="0" timestamp="2025-08-21T15:28:44 IST" skipped="0">
  <testcase classname="_S_05_26_1_Get_Excel_Data_Using_JXL_LAO._03_Two_Dimenstional_Array_Using_in_WebSite" name="Login" time="2.492"/>
  <testcase classname="_S_05_26_1_Get_Excel_Data_Using_JXL_LAO._03_Two_Dimenstional_Array_Using_in_WebSite" name="Login" time="1.987"/>
  <testcase classname="_S_05_26_1_Get_Excel_Data_Using_JXL_LAO._03_Two_Dimenstional_Array_Using_in_WebSite" name="Login" time="1.996"/>
  <testcase classname="_S_05_26_1_Get_Excel_Data_Using_JXL_LAO._03_Two_Dimenstional_Array_Using_in_WebSite" name="Login" time="2.016"/>
</testsuite> <!-- _S_05_26_1_Get_Excel_Data_Using_JXL_LAO._03_Two_Dimenstional_Array_Using_in_WebSite -->
