<?xml version="1.0" encoding="UTF-8"?>
<!-- Generated by org.testng.reporters.JUnitReportReporter -->
<testsuite hostname="DESKTOP-63TRQ0M" failures="0" tests="4" name="_S_05_26_2_Excel_Data_to_Web_Using_JXL_LAO_Own._01_B_OwnTest_Sigle_Multiple" time="65.962" errors="0" timestamp="2025-09-03T15:50:54 IST" skipped="0">
  <testcase classname="_S_05_26_2_Excel_Data_to_Web_Using_JXL_LAO_Own._01_B_OwnTest_Sigle_Multiple" name="BingSearch" time="16.255"/>
  <testcase classname="_S_05_26_2_Excel_Data_to_Web_Using_JXL_LAO_Own._01_B_OwnTest_Sigle_Multiple" name="BingSearch" time="12.789"/>
  <testcase classname="_S_05_26_2_Excel_Data_to_Web_Using_JXL_LAO_Own._01_B_OwnTest_Sigle_Multiple" name="BingSearch" time="17.896"/>
  <testcase classname="_S_05_26_2_Excel_Data_to_Web_Using_JXL_LAO_Own._01_B_OwnTest_Sigle_Multiple" name="BingSearch" time="19.022"/>
</testsuite> <!-- _S_05_26_2_Excel_Data_to_Web_Using_JXL_LAO_Own._01_B_OwnTest_Sigle_Multiple -->
