<?xml version="1.0" encoding="UTF-8"?>
<!-- Generated by org.testng.reporters.JUnitReportReporter -->
<testsuite hostname="DESKTOP-63TRQ0M" failures="0" tests="4" name="_S_05_26_a_3_Ways_to_Get_Data_in_JXL._03_Two_Dimenstional_Array_Using_in_WebSite" time="19.250" errors="0" timestamp="2025-07-02T15:42:26 IST" skipped="0">
  <testcase classname="_S_05_26_a_3_Ways_to_Get_Data_in_JXL._03_Two_Dimenstional_Array_Using_in_WebSite" name="Login" time="2.203"/>
  <testcase classname="_S_05_26_a_3_Ways_to_Get_Data_in_JXL._03_Two_Dimenstional_Array_Using_in_WebSite" name="Login" time="12.744"/>
  <testcase classname="_S_05_26_a_3_Ways_to_Get_Data_in_JXL._03_Two_Dimenstional_Array_Using_in_WebSite" name="Login" time="2.163"/>
  <testcase classname="_S_05_26_a_3_Ways_to_Get_Data_in_JXL._03_Two_Dimenstional_Array_Using_in_WebSite" name="Login" time="2.140"/>
</testsuite> <!-- _S_05_26_a_3_Ways_to_Get_Data_in_JXL._03_Two_Dimenstional_Array_Using_in_WebSite -->
