<?xml version="1.0" encoding="UTF-8"?>
<!-- Generated by org.testng.reporters.JUnitReportReporter -->
<testsuite hostname="SASIHAR-PC" failures="0" tests="4" name="_S_05_26_a_3_Ways_to_Get_Data._03_Two_Dimenstional_Array_Using_in_WebSite" time="34.069" errors="0" timestamp="2025-06-20T21:57:42 IST" skipped="0">
  <testcase classname="_S_05_26_a_3_Ways_to_Get_Data._03_Two_Dimenstional_Array_Using_in_WebSite" name="Login" time="8.338"/>
  <testcase classname="_S_05_26_a_3_Ways_to_Get_Data._03_Two_Dimenstional_Array_Using_in_WebSite" name="Login" time="9.146"/>
  <testcase classname="_S_05_26_a_3_Ways_to_Get_Data._03_Two_Dimenstional_Array_Using_in_WebSite" name="Login" time="8.134"/>
  <testcase classname="_S_05_26_a_3_Ways_to_Get_Data._03_Two_Dimenstional_Array_Using_in_WebSite" name="Login" time="8.451"/>
</testsuite> <!-- _S_05_26_a_3_Ways_to_Get_Data._03_Two_Dimenstional_Array_Using_in_WebSite -->
