<?xml version="1.0" encoding="UTF-8"?>
<!-- Generated by org.testng.reporters.JUnitReportReporter -->
<testsuite hostname="DESKTOP-63TRQ0M" failures="0" tests="4" name="TestNG_01._07_TestNG_Grouping" time="0.013" errors="0" timestamp="2025-05-21T10:58:00 IST" skipped="0">
  <testcase classname="TestNG_01._07_TestNG_Grouping" name="Redmi2" time="0.009"/>
  <testcase classname="TestNG_01._07_TestNG_Grouping" name="apple1" time="0.001"/>
  <testcase classname="TestNG_01._07_TestNG_Grouping" name="apple2" time="0.002"/>
  <testcase classname="TestNG_01._07_TestNG_Grouping" name="Redmi_1" time="0.001"/>
</testsuite> <!-- TestNG_01._07_TestNG_Grouping -->
