<?xml version="1.0" encoding="UTF-8"?>
<!-- Generated by org.testng.reporters.JUnitReportReporter -->
<testsuite hostname="DESKTOP-63TRQ0M" failures="0" tests="4" name="_S_05_27_DataDriven_TestNG_EXCEL.HRM_Login_Excel" time="54.529" errors="0" timestamp="2025-06-02T11:20:21 IST" skipped="0">
  <testcase classname="_S_05_27_DataDriven_TestNG_EXCEL.HRM_Login_Excel" name="Login" time="15.149"/>
  <testcase classname="_S_05_27_DataDriven_TestNG_EXCEL.HRM_Login_Excel" name="Login" time="14.337"/>
  <testcase classname="_S_05_27_DataDriven_TestNG_EXCEL.HRM_Login_Excel" name="Login" time="14.153"/>
  <testcase classname="_S_05_27_DataDriven_TestNG_EXCEL.HRM_Login_Excel" name="Login" time="10.890"/>
</testsuite> <!-- _S_05_27_DataDriven_TestNG_EXCEL.HRM_Login_Excel -->
