<?xml version="1.0" encoding="UTF-8"?>
<!-- Generated by org.testng.reporters.JUnitReportReporter -->
<testsuite hostname="DESKTOP-63TRQ0M" failures="0" tests="3" name="_S_05_28_Excel_Data_to_Web_Using_Apache_POI.Google_Search_From_Excel32" time="14.375" errors="0" timestamp="2026-08-24T14:42:39 IST" skipped="0">
  <testcase classname="_S_05_28_Excel_Data_to_Web_Using_Apache_POI.Google_Search_From_Excel32" name="SearchGoogle" time="4.584"/>
  <testcase classname="_S_05_28_Excel_Data_to_Web_Using_Apache_POI.Google_Search_From_Excel32" name="SearchGoogle" time="5.008"/>
  <testcase classname="_S_05_28_Excel_Data_to_Web_Using_Apache_POI.Google_Search_From_Excel32" name="SearchGoogle" time="4.783"/>
</testsuite> <!-- _S_05_28_Excel_Data_to_Web_Using_Apache_POI.Google_Search_From_Excel32 -->
