<?xml version="1.0" encoding="UTF-8"?>
<!-- Generated by org.testng.reporters.JUnitReportReporter -->
<testsuite hostname="DESKTOP-63TRQ0M" failures="0" tests="4" name="_S_05_26_1_Get_Excel_Data_Using_JXL_LAO._04_Three_Dimenstional_Array_Using_in_WebSite" time="11.248" errors="0" timestamp="2025-08-12T11:45:00 IST" skipped="0">
  <testcase classname="_S_05_26_1_Get_Excel_Data_Using_JXL_LAO._04_Three_Dimenstional_Array_Using_in_WebSite" name="Login" time="2.749"/>
  <testcase classname="_S_05_26_1_Get_Excel_Data_Using_JXL_LAO._04_Three_Dimenstional_Array_Using_in_WebSite" name="Login" time="2.656"/>
  <testcase classname="_S_05_26_1_Get_Excel_Data_Using_JXL_LAO._04_Three_Dimenstional_Array_Using_in_WebSite" name="Login" time="2.732"/>
  <testcase classname="_S_05_26_1_Get_Excel_Data_Using_JXL_LAO._04_Three_Dimenstional_Array_Using_in_WebSite" name="Login" time="3.111"/>
</testsuite> <!-- _S_05_26_1_Get_Excel_Data_Using_JXL_LAO._04_Three_Dimenstional_Array_Using_in_WebSite -->
