<?xml version="1.0" encoding="UTF-8"?>
<!-- Generated by org.testng.reporters.JUnitReportReporter -->
<testsuite hostname="DESKTOP-63TRQ0M" failures="0" tests="5" name="TestNG_01._01_TestNG" time="0.012" errors="0" timestamp="2025-05-19T15:51:32 IST" skipped="0">
  <testcase classname="TestNG_01._01_TestNG" name="Fourth_Test_Case" time="0.001"/>
  <testcase classname="TestNG_01._01_TestNG" name="Third_Test_Case" time="0.002"/>
  <testcase classname="TestNG_01._01_TestNG" name="First_Test_Case" time="0.002"/>
  <testcase classname="TestNG_01._01_TestNG" name="Second_Test_Case" time="0.001"/>
  <testcase classname="TestNG_01._01_TestNG" name="Fifth_Test_Case" time="0.006"/>
</testsuite> <!-- TestNG_01._01_TestNG -->
