<?xml version="1.0" encoding="UTF-8"?>
<!-- Generated by org.testng.reporters.JUnitReportReporter -->
<testsuite hostname="DESKTOP-63TRQ0M" failures="0" tests="3" name="TestNG_01._04_TestNG_Depends_On_Methods_00" time="0.010" errors="0" timestamp="2025-05-19T12:17:25 IST" skipped="0">
  <testcase classname="TestNG_01._04_TestNG_Depends_On_Methods_00" name="sslc" time="0.008"/>
  <testcase classname="TestNG_01._04_TestNG_Depends_On_Methods_00" name="Plus_2" time="0.001"/>
  <testcase classname="TestNG_01._04_TestNG_Depends_On_Methods_00" name="Engineering" time="0.001"/>
</testsuite> <!-- TestNG_01._04_TestNG_Depends_On_Methods_00 -->
