<?xml version="1.0" encoding="UTF-8"?>
<!-- Generated by org.testng.reporters.JUnitReportReporter -->
<testsuite hostname="DESKTOP-63TRQ0M" failures="0" tests="4" name="_S_05_28_Excel_Data_to_Web_Using_Apache_POI.Google_Search_From_Excel" time="54.965" errors="0" timestamp="2025-08-21T11:30:46 IST" skipped="0">
  <testcase classname="_S_05_28_Excel_Data_to_Web_Using_Apache_POI.Google_Search_From_Excel" name="Login" time="13.001"/>
  <testcase classname="_S_05_28_Excel_Data_to_Web_Using_Apache_POI.Google_Search_From_Excel" name="Login" time="13.485"/>
  <testcase classname="_S_05_28_Excel_Data_to_Web_Using_Apache_POI.Google_Search_From_Excel" name="Login" time="12.352"/>
  <testcase classname="_S_05_28_Excel_Data_to_Web_Using_Apache_POI.Google_Search_From_Excel" name="Login" time="16.127"/>
</testsuite> <!-- _S_05_28_Excel_Data_to_Web_Using_Apache_POI.Google_Search_From_Excel -->
