<?xml version="1.0" encoding="UTF-8"?>
<!-- Generated by org.testng.reporters.JUnitReportReporter -->
<testsuite hostname="DESKTOP-63TRQ0M" failures="0" tests="4" name="_S_05_26_2_Excel_Data_to_Web_Using_JXL_LAO._03_HRM_Login_Excel_Individual" time="73.447" errors="0" timestamp="2026-08-24T14:40:58 IST" skipped="0">
  <testcase classname="_S_05_26_2_Excel_Data_to_Web_Using_JXL_LAO._03_HRM_Login_Excel_Individual" name="Login" time="16.916"/>
  <testcase classname="_S_05_26_2_Excel_Data_to_Web_Using_JXL_LAO._03_HRM_Login_Excel_Individual" name="Login" time="17.892"/>
  <testcase classname="_S_05_26_2_Excel_Data_to_Web_Using_JXL_LAO._03_HRM_Login_Excel_Individual" name="Login" time="16.906"/>
  <testcase classname="_S_05_26_2_Excel_Data_to_Web_Using_JXL_LAO._03_HRM_Login_Excel_Individual" name="Login" time="21.733"/>
</testsuite> <!-- _S_05_26_2_Excel_Data_to_Web_Using_JXL_LAO._03_HRM_Login_Excel_Individual -->
