<?xml version="1.0" encoding="UTF-8"?>
<!-- Generated by org.testng.reporters.JUnitReportReporter -->
<testsuite hostname="DESKTOP-63TRQ0M" failures="0" tests="5" name="TestNG_01._04_TestNG_Depends_On_Methods_true" time="0.013" errors="0" timestamp="2025-05-19T12:11:02 IST" skipped="0">
  <testcase classname="TestNG_01._04_TestNG_Depends_On_Methods_true" name="Second_Test_Case" time="0.002"/>
  <testcase classname="TestNG_01._04_TestNG_Depends_On_Methods_true" name="First_Test_Case" time="0.007"/>
  <testcase classname="TestNG_01._04_TestNG_Depends_On_Methods_true" name="Third_Test_Case" time="0.001"/>
  <testcase classname="TestNG_01._04_TestNG_Depends_On_Methods_true" name="Fourth_Test_Case" time="0.002"/>
  <testcase classname="TestNG_01._04_TestNG_Depends_On_Methods_true" name="Fifth_Test_Case" time="0.001"/>
</testsuite> <!-- TestNG_01._04_TestNG_Depends_On_Methods_true -->
