<?xml version="1.0" encoding="UTF-8"?>
<!-- Generated by org.testng.reporters.JUnitReportReporter -->
<testsuite hostname="SASIHAR-PC" failures="0" tests="4" name="_S_05_27_DataDriven_JXL_TestNG_EXCEL._03_HRM_Login_Excel_Individual" time="80.785" errors="0" timestamp="2025-06-15T18:18:49 IST" skipped="0">
  <testcase classname="_S_05_27_DataDriven_JXL_TestNG_EXCEL._03_HRM_Login_Excel_Individual" name="Login" time="15.978"/>
  <testcase classname="_S_05_27_DataDriven_JXL_TestNG_EXCEL._03_HRM_Login_Excel_Individual" name="Login" time="18.561"/>
  <testcase classname="_S_05_27_DataDriven_JXL_TestNG_EXCEL._03_HRM_Login_Excel_Individual" name="Login" time="21.811"/>
  <testcase classname="_S_05_27_DataDriven_JXL_TestNG_EXCEL._03_HRM_Login_Excel_Individual" name="Login" time="24.435"/>
</testsuite> <!-- _S_05_27_DataDriven_JXL_TestNG_EXCEL._03_HRM_Login_Excel_Individual -->
