<?xml version="1.0" encoding="UTF-8"?>
<!-- Generated by org.testng.reporters.JUnitReportReporter -->
<testsuite hostname="DESKTOP-63TRQ0M" failures="0" tests="4" name="_S_05_26_2_Excel_Data_to_Web_Using_JXL_LAO_Own._01_B_OwnTest_Sigle_Multiple" time="32.021" errors="0" timestamp="2025-09-02T16:13:55 IST" skipped="0">
  <testcase classname="_S_05_26_2_Excel_Data_to_Web_Using_JXL_LAO_Own._01_B_OwnTest_Sigle_Multiple" name="BingSearch" time="7.945"/>
  <testcase classname="_S_05_26_2_Excel_Data_to_Web_Using_JXL_LAO_Own._01_B_OwnTest_Sigle_Multiple" name="BingSearch" time="8.057"/>
  <testcase classname="_S_05_26_2_Excel_Data_to_Web_Using_JXL_LAO_Own._01_B_OwnTest_Sigle_Multiple" name="BingSearch" time="8.061"/>
  <testcase classname="_S_05_26_2_Excel_Data_to_Web_Using_JXL_LAO_Own._01_B_OwnTest_Sigle_Multiple" name="BingSearch" time="7.958"/>
</testsuite> <!-- _S_05_26_2_Excel_Data_to_Web_Using_JXL_LAO_Own._01_B_OwnTest_Sigle_Multiple -->
